Fetching gem metadata from https://rubygems.org/.........
Fetching gem metadata from https://rubygems.org/.
Resolving dependencies................
Bundler could not find compatible versions for gem "actionmailer":
  In Gemfile:
    eac_users_support was resolved to 0.8.6, which depends on
      devise_invitable (~> 1.7, >= 1.7.5) was resolved to 1.7.5, which depends on
        actionmailer (>= 4.1.0)

    eac_rails_base0 was resolved to 0.52.2, which depends on
      rails (~> 5.2.4, >= 5.2.4.4) was resolved to 5.2.5, which depends on
        actionmailer (= 5.2.5)

Bundler could not find compatible versions for gem "actionpack":
  In Gemfile:
    eac_rails_base0 was resolved to 0.52.2, which depends on
      rails (~> 5.2.4, >= 5.2.4.4) was resolved to 5.2.5, which depends on
        actionpack (= 5.2.5)

    rails-controller-testing was resolved to 1.0.2, which depends on
      actionpack (~> 5.x, >= 5.0.1)

    eac_rails_base0 was resolved to 0.52.2, which depends on
      rspec-rails (~> 3.7) was resolved to 3.9.1, which depends on
        actionpack (>= 3.0)

    eac_rails_base0 was resolved to 0.52.2, which depends on
      rails (~> 5.2.4, >= 5.2.4.4) was resolved to 5.2.5, which depends on
        sprockets-rails (>= 2.0.0) was resolved to 3.2.2, which depends on
          actionpack (>= 4.0)

Bundler could not find compatible versions for gem "activemodel":
  In Gemfile:
    activevalidators (~> 5.0, >= 5.0.1) was resolved to 5.1.0, which depends on
      activemodel (>= 3.0)

    eac_rails_base0 was resolved to 0.52.2, which depends on
      carrierwave (~> 1.3, >= 1.3.1) was resolved to 1.3.2, which depends on
        activemodel (>= 4.0.0)

    activevalidators (~> 5.0, >= 5.0.1) was resolved to 5.1.0, which depends on
      credit_card_validations (~> 3.2) was resolved to 3.5.1, which depends on
        activemodel (>= 3, <= 6.1)

    eac_rails_base0 was resolved to 0.52.2, which depends on
      rails (~> 5.2.4, >= 5.2.4.4) was resolved to 5.2.5, which depends on
        activemodel (= 5.2.5)

Bundler could not find compatible versions for gem "activerecord":
  In Gemfile:
    ancestry was resolved to 4.0.0, which depends on
      activerecord (>= 5.2.4.5)

    awesome_nested_set was resolved to 3.4.0, which depends on
      activerecord (>= 4.0.0, < 7.0)

    eac_rails_base0 was resolved to 0.52.2, which depends on
      rails (~> 5.2.4, >= 5.2.4.4) was resolved to 5.2.5, which depends on
        activerecord (= 5.2.5)

    wice_grid (= 3.6.0.pre4) was resolved to 3.6.0.pre4, which depends on
      activerecord (> 3.2)

Bundler could not find compatible versions for gem "activesupport":
  In Gemfile:
    rails-controller-testing was resolved to 1.0.2, which depends on
      actionpack (~> 5.x, >= 5.0.1) was resolved to 5.2.5, which depends on
        activesupport (= 5.2.5)

    activevalidators (~> 5.0, >= 5.0.1) was resolved to 5.1.0, which depends on
      credit_card_validations (~> 3.2) was resolved to 3.5.1, which depends on
        activesupport (>= 3, <= 6.1)

    eac_ruby_utils was resolved to 0.62.1, which depends on
      activesupport (>= 4.0)

    eac_rails_base0 was resolved to 0.52.2, which depends on
      rails (~> 5.2.4, >= 5.2.4.4) was resolved to 5.2.5, which depends on
        activejob (= 5.2.5) was resolved to 5.2.5, which depends on
          globalid (>= 0.3.6) was resolved to 0.4.2, which depends on
            activesupport (>= 4.2.0)

    i18n-recursive-lookup was resolved to 0.0.5, which depends on
      activesupport

    eac_rails_base0 was resolved to 0.52.2, which depends on
      jbuilder (~> 2.0) was resolved to 2.11.2, which depends on
        activesupport (>= 5.0.0)

    rails-controller-testing was resolved to 1.0.2, which depends on
      activesupport (~> 5.x)

    eac_rails_base0 was resolved to 0.52.2, which depends on
      rspec-rails (~> 3.7) was resolved to 3.9.1, which depends on
        activesupport (>= 3.0)

Bundler could not find compatible versions for gem "i18n":
  In Gemfile:
    rails-controller-testing was resolved to 1.0.2, which depends on
      actionpack (~> 5.x, >= 5.0.1) was resolved to 5.2.5, which depends on
        activesupport (= 5.2.5) was resolved to 5.2.5, which depends on
          i18n (>= 0.7, < 2)

    i18n-recursive-lookup was resolved to 0.0.5, which depends on
      i18n

    eac_rails_base0 was resolved to 0.52.2, which depends on
      rails-i18n (~> 4.0) was resolved to 4.0.2, which depends on
        i18n (~> 0.6)

Bundler could not find compatible versions for gem "rails":
  In Gemfile:
    eac_rails_base0 was resolved to 0.52.2, which depends on
      active_scaffold (~> 3.5.5) was resolved to 3.5.5, which depends on
        rails (>= 4.0.5, < 5.2.0)

    aranha-rails was resolved to 0.2.1, which depends on
      rails (>= 5.1.7, < 6)

    can_can_dry was resolved to 0.5.1, which depends on
      rails (>= 4.2.1)

    eac_rails_base0 was resolved to 0.52.2, which depends on
      rails (~> 5.2.4, >= 5.2.4.4)

    eac_rails_utils was resolved to 0.12.2, which depends on
      rails (>= 4.2.11)

    eac_users_support was resolved to 0.8.6, which depends on
      rails (>= 4.2.11.3)

    products was resolved to 0.0.0, which depends on
      rails

    rails-settings-cached (~> 0.7.2) was resolved to 0.7.2, which depends on
      rails (>= 4.2.0)

    eac_rails_base0 was resolved to 0.52.2, which depends on
      recordselect (>= 3.10.1) was resolved to 3.10.1, which depends on
        rails (>= 4.0.0)

    simple_calendar (~> 2.0) was resolved to 2.4.2, which depends on
      rails (>= 3.0)

Bundler could not find compatible versions for gem "railties":
  In Gemfile:
    br_railties was resolved to 0.4.4, which depends on
      railties (>= 4.2.11.3)

    eac_users_support was resolved to 0.8.6, which depends on
      devise (~> 4.6, >= 4.6.1) was resolved to 4.8.0, which depends on
        railties (>= 4.1.0)

    eac_rails_base0 was resolved to 0.52.2, which depends on
      rails (~> 5.2.4, >= 5.2.4.4) was resolved to 5.2.5, which depends on
        railties (= 5.2.5)

    eac_rails_base0 was resolved to 0.52.2, which depends on
      rspec-rails (~> 3.7) was resolved to 3.9.1, which depends on
        railties (>= 3.0)

    eac_rails_base0 was resolved to 0.52.2, which depends on
      sass-rails (~> 5.0) was resolved to 5.1.0, which depends on
        railties (>= 5.2.0)

    eac_rails_base0 was resolved to 0.52.2, which depends on
      web-console (~> 2.0) was resolved to 2.3.0, which depends on
        railties (>= 4.0)

Bundler could not find compatible versions for gem "rubocop":
  In Gemfile:
    eac_ruby_gem_support was resolved to 0.1.2, which depends on
      rubocop (~> 0.80.1)

    eac_ruby_gem_support was resolved to 0.1.2, which depends on
      rubocop-rails (~> 2.4.2) was resolved to 2.4.2, which depends on
        rubocop (>= 0.72.0)

    eac_ruby_gem_support was resolved to 0.1.2, which depends on
      rubocop-rspec (~> 1.38.1) was resolved to 1.38.1, which depends on
        rubocop (>= 0.68.1)

Bundler could not find compatible versions for gem "sprockets":
  In Gemfile:
    eac_rails_base0 was resolved to 0.52.2, which depends on
      sass-rails (~> 5.0) was resolved to 5.1.0, which depends on
        sprockets (>= 2.8, < 4.0)

    eac_rails_base0 was resolved to 0.52.2, which depends on
      rails (~> 5.2.4, >= 5.2.4.4) was resolved to 5.2.5, which depends on
        sprockets-rails (>= 2.0.0) was resolved to 3.2.2, which depends on
          sprockets (>= 3.0.0)
